<html>
<head>
<title>TestNG:  Surefire test</title>
<link href="../testng.css" rel="stylesheet" type="text/css" />
<link href="../my-testng.css" rel="stylesheet" type="text/css" />

<style type="text/css">
.log { display: none;} 
.stack-trace { display: none;} 
</style>
<script type="text/javascript">
<!--
function flip(e) {
  current = e.style.display;
  if (current == 'block') {
    e.style.display = 'none';
    return 0;
  }
  else {
    e.style.display = 'block';
    return 1;
  }
}

function toggleBox(szDivId, elem, msg1, msg2)
{
  var res = -1;  if (document.getElementById) {
    res = flip(document.getElementById(szDivId));
  }
  else if (document.all) {
    // this is the way old msie versions work
    res = flip(document.all[szDivId]);
  }
  if(elem) {
    if(res == 0) elem.innerHTML = msg1; else elem.innerHTML = msg2;
  }

}

function toggleAllBoxes() {
  if (document.getElementsByTagName) {
    d = document.getElementsByTagName('div');
    for (i = 0; i < d.length; i++) {
      if (d[i].className == 'log') {
        flip(d[i]);
      }
    }
  }
}

// -->
</script>

</head>
<body>
<h2 align='center'>Surefire test</h2><table border='1' align="center">
<tr>
<td>Tests passed/Failed/Skipped:</td><td>9/1/0</td>
</tr><tr>
<td>Started on:</td><td>Wed Jan 25 12:06:38 IST 2023</td>
</tr>
<tr><td>Total time:</td><td>207 seconds (207722 ms)</td>
</tr><tr>
<td>Included groups:</td><td></td>
</tr><tr>
<td>Excluded groups:</td><td></td>
</tr>
</table><p/>
<small><i>(Hover the method name to see the test class name)</i></small><p/>
<table width='100%' border='1' class='invocation-failed'>
<tr><td colspan='4' align='center'><b>FAILED TESTS</b></td></tr>
<tr><td><b>Test method</b></td>
<td width="30%"><b>Exception</b></td>
<td width="10%"><b>Time (seconds)</b></td>
<td><b>Instance</b></td>
</tr>
<tr>
<td title='Bus.Bus_Confirmation_008_Test.oneWayFromTextField()'><b>oneWayFromTextField</b><br>Test class: Bus.Bus_Confirmation_008_Test<br>Parameters: [Ljava.lang.String;@718607eb<br/>
<a href="#Output-212232499" onClick='toggleBox("Output-212232499", this, "Show output", "Hide output");'>Show output</a>

<a href="#Output-212232499" onClick="toggleAllBoxes();">Show all outputs</a>
<div class='log' id="Output-212232499">
Data Entered Successfully in fromTextField in homePage<br/>
Data Entered Successfully in toTextField in homePage<br/>
Landed Succesfully to the Bus Result Page of the application<br/>
Selected the boarding point<br/>
firstname entered correctly<br/>
Age entered correctly<br/>
phoneNumber entered correctly<br/>
Email entered correctly<br/>
Clicked on Proceed button<br/>
clicked on confirm button<br/>
</div>
</td>
<td><div><pre>org.openqa.selenium.StaleElementReferenceException: stale element reference: element is not attached to the page document
  (Session info: chrome=109.0.5414.119)
For documentation on this error, please visit: https://www.seleniumhq.org/exceptions/stale_element_reference.html
Build info: version: &apos;3.141.59&apos;, revision: &apos;e82be7d358&apos;, time: &apos;2018-11-14T08:17:03&apos;
System info: host: &apos;LAPTOP-EPMHA2ST&apos;, ip: &apos;10.10.60.193&apos;, os.name: &apos;Windows 10&apos;, os.arch: &apos;amd64&apos;, os.version: &apos;10.0&apos;, java.version: &apos;1.8.0_202&apos;
Driver info: org.openqa.selenium.chrome.ChromeDriver
Capabilities {acceptInsecureCerts: false, browserName: chrome, browserVersion: 109.0.5414.119, chrome: {chromedriverVersion: 109.0.5414.74 (e7c5703604da..., userDataDir: C:\Users\navee\AppData\Loca...}, goog:chromeOptions: {debuggerAddress: localhost:55830}, javascriptEnabled: true, networkConnectionEnabled: false, pageLoadStrategy: normal, platform: WINDOWS, platformName: WINDOWS, proxy: Proxy(), setWindowRect: true, strictFileInteractability: false, timeouts: {implicit: 0, pageLoad: 300000, script: 30000}, unhandledPromptBehavior: dismiss and notify, webauthn:extension:credBlob: true, webauthn:extension:largeBlob: true, webauthn:virtualAuthenticators: true}
Session ID: db1022af6112b36a51dc8d85f6bd1363
	at org.openqa.selenium.remote.http.W3CHttpResponseCodec.createException(W3CHttpResponseCodec.java:187)
	at org.openqa.selenium.remote.http.W3CHttpResponseCodec.decode(W3CHttpResponseCodec.java:122)
	at org.openqa.selenium.remote.http.W3CHttpResponseCodec.decode(W3CHttpResponseCodec.java:49)
	at org.openqa.selenium.remote.HttpCommandExecutor.execute(HttpCommandExecutor.java:158)
	at org.openqa.selenium.remote.service.DriverCommandExecutor.execute(DriverCommandExecutor.java:83)
	at org.openqa.selenium.remote.RemoteWebDriver.execute(RemoteWebDriver.java:552)
	at org.openqa.selenium.remote.RemoteWebElement.execute(RemoteWebElement.java:285)
	at org.openqa.selenium.remote.RemoteWebElement.isDisplayed(RemoteWebElement.java:326)
	at org.openqa.selenium.support.pagefactory.internal.LocatingElementHandler.invoke(LocatingElementHandler.java:51)
	at com.sun.proxy.$Proxy10.isDisplayed(Unknown Source)
	at org.openqa.selenium.support.ui.ExpectedConditions.elementIfVisible(ExpectedConditions.java:314)
	at org.openqa.selenium.support.ui.ExpectedConditions.access$000(ExpectedConditions.java:43)
	at org.openqa.selenium.support.ui.ExpectedConditions$10.apply(ExpectedConditions.java:300)
	at org.openqa.selenium.support.ui.ExpectedConditions$10.apply(ExpectedConditions.java:297)
	at org.openqa.selenium.support.ui.ExpectedConditions$23.apply(ExpectedConditions.java:670)
	at org.openqa.selenium.support.ui.ExpectedConditions$23.apply(ExpectedConditions.java:666)
	at org.openqa.selenium.support.ui.FluentWait.until(FluentWait.java:249)
	at Bus.Bus_Confirmation_008_Test.oneWayFromTextField(Bus_Confirmation_008_Test.java:162)
	at java.util.ArrayList.forEach(ArrayList.java:1257)
... Removed 40 stack frames</pre></div><a href='#' onClick='toggleBox("stack-trace212232499", this, "Click to show all stack frames", "Click to hide stack frames")'>Click to show all stack frames</a>
<div class='stack-trace' id='stack-trace212232499'><pre>org.openqa.selenium.StaleElementReferenceException: stale element reference: element is not attached to the page document
  (Session info: chrome=109.0.5414.119)
For documentation on this error, please visit: https://www.seleniumhq.org/exceptions/stale_element_reference.html
Build info: version: &apos;3.141.59&apos;, revision: &apos;e82be7d358&apos;, time: &apos;2018-11-14T08:17:03&apos;
System info: host: &apos;LAPTOP-EPMHA2ST&apos;, ip: &apos;10.10.60.193&apos;, os.name: &apos;Windows 10&apos;, os.arch: &apos;amd64&apos;, os.version: &apos;10.0&apos;, java.version: &apos;1.8.0_202&apos;
Driver info: org.openqa.selenium.chrome.ChromeDriver
Capabilities {acceptInsecureCerts: false, browserName: chrome, browserVersion: 109.0.5414.119, chrome: {chromedriverVersion: 109.0.5414.74 (e7c5703604da..., userDataDir: C:\Users\navee\AppData\Loca...}, goog:chromeOptions: {debuggerAddress: localhost:55830}, javascriptEnabled: true, networkConnectionEnabled: false, pageLoadStrategy: normal, platform: WINDOWS, platformName: WINDOWS, proxy: Proxy(), setWindowRect: true, strictFileInteractability: false, timeouts: {implicit: 0, pageLoad: 300000, script: 30000}, unhandledPromptBehavior: dismiss and notify, webauthn:extension:credBlob: true, webauthn:extension:largeBlob: true, webauthn:virtualAuthenticators: true}
Session ID: db1022af6112b36a51dc8d85f6bd1363
	at sun.reflect.NativeConstructorAccessorImpl.newInstance0(Native Method)
	at sun.reflect.NativeConstructorAccessorImpl.newInstance(NativeConstructorAccessorImpl.java:62)
	at sun.reflect.DelegatingConstructorAccessorImpl.newInstance(DelegatingConstructorAccessorImpl.java:45)
	at java.lang.reflect.Constructor.newInstance(Constructor.java:423)
	at org.openqa.selenium.remote.http.W3CHttpResponseCodec.createException(W3CHttpResponseCodec.java:187)
	at org.openqa.selenium.remote.http.W3CHttpResponseCodec.decode(W3CHttpResponseCodec.java:122)
	at org.openqa.selenium.remote.http.W3CHttpResponseCodec.decode(W3CHttpResponseCodec.java:49)
	at org.openqa.selenium.remote.HttpCommandExecutor.execute(HttpCommandExecutor.java:158)
	at org.openqa.selenium.remote.service.DriverCommandExecutor.execute(DriverCommandExecutor.java:83)
	at org.openqa.selenium.remote.RemoteWebDriver.execute(RemoteWebDriver.java:552)
	at org.openqa.selenium.remote.RemoteWebElement.execute(RemoteWebElement.java:285)
	at org.openqa.selenium.remote.RemoteWebElement.isDisplayed(RemoteWebElement.java:326)
	at sun.reflect.NativeMethodAccessorImpl.invoke0(Native Method)
	at sun.reflect.NativeMethodAccessorImpl.invoke(NativeMethodAccessorImpl.java:62)
	at sun.reflect.DelegatingMethodAccessorImpl.invoke(DelegatingMethodAccessorImpl.java:43)
	at java.lang.reflect.Method.invoke(Method.java:498)
	at org.openqa.selenium.support.pagefactory.internal.LocatingElementHandler.invoke(LocatingElementHandler.java:51)
	at com.sun.proxy.$Proxy10.isDisplayed(Unknown Source)
	at org.openqa.selenium.support.ui.ExpectedConditions.elementIfVisible(ExpectedConditions.java:314)
	at org.openqa.selenium.support.ui.ExpectedConditions.access$000(ExpectedConditions.java:43)
	at org.openqa.selenium.support.ui.ExpectedConditions$10.apply(ExpectedConditions.java:300)
	at org.openqa.selenium.support.ui.ExpectedConditions$10.apply(ExpectedConditions.java:297)
	at org.openqa.selenium.support.ui.ExpectedConditions$23.apply(ExpectedConditions.java:670)
	at org.openqa.selenium.support.ui.ExpectedConditions$23.apply(ExpectedConditions.java:666)
	at org.openqa.selenium.support.ui.FluentWait.until(FluentWait.java:249)
	at Bus.Bus_Confirmation_008_Test.oneWayFromTextField(Bus_Confirmation_008_Test.java:162)
	at sun.reflect.NativeMethodAccessorImpl.invoke0(Native Method)
	at sun.reflect.NativeMethodAccessorImpl.invoke(NativeMethodAccessorImpl.java:62)
	at sun.reflect.DelegatingMethodAccessorImpl.invoke(DelegatingMethodAccessorImpl.java:43)
	at java.lang.reflect.Method.invoke(Method.java:498)
	at org.testng.internal.MethodInvocationHelper.invokeMethod(MethodInvocationHelper.java:132)
	at org.testng.internal.TestInvoker.invokeMethod(TestInvoker.java:599)
	at org.testng.internal.TestInvoker.invokeTestMethod(TestInvoker.java:174)
	at org.testng.internal.MethodRunner.runInSequence(MethodRunner.java:46)
	at org.testng.internal.TestInvoker$MethodInvocationAgent.invoke(TestInvoker.java:822)
	at org.testng.internal.TestInvoker.invokeTestMethods(TestInvoker.java:147)
	at org.testng.internal.TestMethodWorker.invokeTestMethods(TestMethodWorker.java:146)
	at org.testng.internal.TestMethodWorker.run(TestMethodWorker.java:128)
	at java.util.ArrayList.forEach(ArrayList.java:1257)
	at org.testng.TestRunner.privateRun(TestRunner.java:764)
	at org.testng.TestRunner.run(TestRunner.java:585)
	at org.testng.SuiteRunner.runTest(SuiteRunner.java:384)
	at org.testng.SuiteRunner.runSequentially(SuiteRunner.java:378)
	at org.testng.SuiteRunner.privateRun(SuiteRunner.java:337)
	at org.testng.SuiteRunner.run(SuiteRunner.java:286)
	at org.testng.SuiteRunnerWorker.runSuite(SuiteRunnerWorker.java:53)
	at org.testng.SuiteRunnerWorker.run(SuiteRunnerWorker.java:96)
	at org.testng.TestNG.runSuitesSequentially(TestNG.java:1218)
	at org.testng.TestNG.runSuitesLocally(TestNG.java:1140)
	at org.testng.TestNG.runSuites(TestNG.java:1069)
	at org.testng.TestNG.run(TestNG.java:1037)
	at org.apache.maven.surefire.testng.TestNGExecutor.run(TestNGExecutor.java:151)
	at org.apache.maven.surefire.testng.TestNGDirectoryTestSuite.executeMulti(TestNGDirectoryTestSuite.java:192)
	at org.apache.maven.surefire.testng.TestNGDirectoryTestSuite.execute(TestNGDirectoryTestSuite.java:93)
	at org.apache.maven.surefire.testng.TestNGProvider.invoke(TestNGProvider.java:155)
	at org.apache.maven.surefire.booter.ForkedBooter.runSuitesInProcess(ForkedBooter.java:456)
	at org.apache.maven.surefire.booter.ForkedBooter.execute(ForkedBooter.java:169)
	at org.apache.maven.surefire.booter.ForkedBooter.run(ForkedBooter.java:595)
	at org.apache.maven.surefire.booter.ForkedBooter.main(ForkedBooter.java:581)
</pre></div></td>
<td>31</td>
<td>Bus.Bus_Confirmation_008_Test@1efed156</td></tr>
</table><p>
<table width='100%' border='1' class='invocation-passed'>
<tr><td colspan='4' align='center'><b>PASSED TESTS</b></td></tr>
<tr><td><b>Test method</b></td>
<td width="30%"><b>Exception</b></td>
<td width="10%"><b>Time (seconds)</b></td>
<td><b>Instance</b></td>
</tr>
<tr>
<td title='Bus.Bus_Oneway_002_Test.negativeFromTextField()'><b>negativeFromTextField</b><br>Test class: Bus.Bus_Oneway_002_Test<br>Parameters: [Ljava.lang.String;@e9ef5b6<br/>
<a href="#Output-1163664780" onClick='toggleBox("Output-1163664780", this, "Show output", "Hide output");'>Show output</a>

<a href="#Output-1163664780" onClick="toggleAllBoxes();">Show all outputs</a>
<div class='log' id="Output-1163664780">
Data Entered Successfully in fromTextField in homePage<br/>
No Source Specified<br/>
Error message is displayed<br/>
</div>
</td>
<td></td>
<td>3</td>
<td>Bus.Bus_Oneway_002_Test@72b6cbcc</td></tr>
<tr>
<td title='Bus.Bus_Oneway_004_Test.negativeToTextField()'><b>negativeToTextField</b><br>Test class: Bus.Bus_Oneway_004_Test<br>Parameters: [Ljava.lang.String;@e11ecfa<br/>
<a href="#Output-15429318" onClick='toggleBox("Output-15429318", this, "Show output", "Hide output");'>Show output</a>

<a href="#Output-15429318" onClick="toggleAllBoxes();">Show all outputs</a>
<div class='log' id="Output-15429318">
Data entered successfully in fromTextBox<br/>
Data Entered Successfully in ToTextField<br/>
No Destination Specified<br/>
Error message is displayed<br/>
</div>
</td>
<td></td>
<td>5</td>
<td>Bus.Bus_Oneway_004_Test@68bbe345</td></tr>
<tr>
<td title='Bus.Bus_Oneway_001_Test.oneWayFromTextField()'><b>oneWayFromTextField</b><br>Test class: Bus.Bus_Oneway_001_Test<br>Parameters: [Ljava.lang.String;@28501a4b<br/>
<a href="#Output-1048332309" onClick='toggleBox("Output-1048332309", this, "Show output", "Hide output");'>Show output</a>

<a href="#Output-1048332309" onClick="toggleAllBoxes();">Show all outputs</a>
<div class='log' id="Output-1048332309">
Data Entered Successfully in fromTextField in homePage<br/>
</div>
</td>
<td></td>
<td>10</td>
<td>Bus.Bus_Oneway_001_Test@6737fd8f</td></tr>
<tr>
<td title='Bus.Bus_Result_007_Test.oneWayFromTextField()'><b>oneWayFromTextField</b><br>Test class: Bus.Bus_Result_007_Test<br>Parameters: [Ljava.lang.String;@37314843<br/>
<a href="#Output-154522617" onClick='toggleBox("Output-154522617", this, "Show output", "Hide output");'>Show output</a>

<a href="#Output-154522617" onClick="toggleAllBoxes();">Show all outputs</a>
<div class='log' id="Output-154522617">
Data Entered Successfully in fromTextField in homePage<br/>
Data Entered Successfully in toTextField in homePage<br/>
Landed Succesfully to the Bus Result Page of the application<br/>
Selected the boarding point<br/>
Clicked on proceedWithSeats button<br/>
</div>
</td>
<td></td>
<td>32</td>
<td>Bus.Bus_Result_007_Test@9660f4e</td></tr>
<tr>
<td title='Bus.Bus_Oneway_009_Test.oneWaySystemTesting()'><b>oneWaySystemTesting</b><br>Test class: Bus.Bus_Oneway_009_Test<br>Parameters: [Ljava.lang.String;@2ceca2ef<br/>
<a href="#Output-1223357487" onClick='toggleBox("Output-1223357487", this, "Show output", "Hide output");'>Show output</a>

<a href="#Output-1223357487" onClick="toggleAllBoxes();">Show all outputs</a>
<div class='log' id="Output-1223357487">
Data Entered Successfully in fromTextField in homePage<br/>
Data Entered Successfully in toTextField in homePage<br/>
Landed Succesfully to the Bus Result Page of the application<br/>
clicked on the view seats button<br/>
</div>
</td>
<td></td>
<td>12</td>
<td>Bus.Bus_Oneway_009_Test@4bbfb90a</td></tr>
<tr>
<td title='Bus.Bus_Oneway_Place_Test.oneWaySystemTesting()'><b>oneWaySystemTesting</b><br>Test class: Bus.Bus_Oneway_Place_Test<br>Parameters: [Ljava.lang.String;@3dce6dd8<br/>
<a href="#Output-1280512370" onClick='toggleBox("Output-1280512370", this, "Show output", "Hide output");'>Show output</a>

<a href="#Output-1280512370" onClick="toggleAllBoxes();">Show all outputs</a>
<div class='log' id="Output-1280512370">
Data Entered Successfully in fromTextField in homePage<br/>
Data Entered Successfully in toTextField in homePage<br/>
Landed Succesfully to the Bus Result Page of the application<br/>
Selected the boarding point<br/>
firstname entered correctly<br/>
Age entered correctly<br/>
phoneNumber entered correctly<br/>
Email entered correctly<br/>
Clicked on Proceed button<br/>
clicked on confirm button<br/>
clicked on pay now button<br/>
clicked on pay now button, Error message displayed<br/>
</div>
</td>
<td></td>
<td>30</td>
<td>Bus.Bus_Oneway_Place_Test@7c29daf3</td></tr>
<tr>
<td title='Bus.Bus_Oneway_003_Test.oneWayToTextField()'><b>oneWayToTextField</b><br>Test class: Bus.Bus_Oneway_003_Test<br>Parameters: [Ljava.lang.String;@e4e1ef5<br/>
<a href="#Output-1058994646" onClick='toggleBox("Output-1058994646", this, "Show output", "Hide output");'>Show output</a>

<a href="#Output-1058994646" onClick="toggleAllBoxes();">Show all outputs</a>
<div class='log' id="Output-1058994646">
Mumbai<br/>
Data Entered Successfully in toTextField in homePage<br/>
</div>
</td>
<td></td>
<td>2</td>
<td>Bus.Bus_Oneway_003_Test@a7e666</td></tr>
<tr>
<td title='Bus.Bus_Oneway_006_Test.searchButton()'><b>searchButton</b><br>Test class: Bus.Bus_Oneway_006_Test<br/>
<a href="#Output-10523395" onClick='toggleBox("Output-10523395", this, "Show output", "Hide output");'>Show output</a>

<a href="#Output-10523395" onClick="toggleAllBoxes();">Show all outputs</a>
<div class='log' id="Output-10523395">
No Source Specified<br/>
Error message is displayed<br/>
</div>
</td>
<td></td>
<td>8</td>
<td>Bus.Bus_Oneway_006_Test@7494e528</td></tr>
<tr>
<td title='Bus.Bus_Oneway_005_Test$Bus_Oneway_004Test.searchFlights()'><b>searchFlights</b><br>Test class: Bus.Bus_Oneway_005_Test$Bus_Oneway_004Test<br>Parameters: [Ljava.lang.String;@68c7ef83</td>
<td></td>
<td>4</td>
<td>Bus.Bus_Oneway_005_Test$Bus_Oneway_004Test@30b8a058</td></tr>
</table><p>
</body>
</html>