<html>
<head>
<title>TestNG:  Test</title>
<link href="../testng.css" rel="stylesheet" type="text/css" />
<link href="../my-testng.css" rel="stylesheet" type="text/css" />

<style type="text/css">
.log { display: none;} 
.stack-trace { display: none;} 
</style>
<script type="text/javascript">
<!--
function flip(e) {
  current = e.style.display;
  if (current == 'block') {
    e.style.display = 'none';
    return 0;
  }
  else {
    e.style.display = 'block';
    return 1;
  }
}

function toggleBox(szDivId, elem, msg1, msg2)
{
  var res = -1;  if (document.getElementById) {
    res = flip(document.getElementById(szDivId));
  }
  else if (document.all) {
    // this is the way old msie versions work
    res = flip(document.all[szDivId]);
  }
  if(elem) {
    if(res == 0) elem.innerHTML = msg1; else elem.innerHTML = msg2;
  }

}

function toggleAllBoxes() {
  if (document.getElementsByTagName) {
    d = document.getElementsByTagName('div');
    for (i = 0; i < d.length; i++) {
      if (d[i].className == 'log') {
        flip(d[i]);
      }
    }
  }
}

// -->
</script>

</head>
<body>
<h2 align='center'>Test</h2><table border='1' align="center">
<tr>
<td>Tests passed/Failed/Skipped:</td><td>4/1/0</td>
</tr><tr>
<td>Started on:</td><td>Tue Jan 24 22:06:40 IST 2023</td>
</tr>
<tr><td>Total time:</td><td>190 seconds (190320 ms)</td>
</tr><tr>
<td>Included groups:</td><td></td>
</tr><tr>
<td>Excluded groups:</td><td></td>
</tr>
</table><p/>
<small><i>(Hover the method name to see the test class name)</i></small><p/>
<table width='100%' border='1' class='invocation-failed'>
<tr><td colspan='4' align='center'><b>FAILED TESTS</b></td></tr>
<tr><td><b>Test method</b></td>
<td width="30%"><b>Exception</b></td>
<td width="10%"><b>Time (seconds)</b></td>
<td><b>Instance</b></td>
</tr>
<tr>
<td title='Bus.Bus_Oneway_Place_Test.oneWayFromTextField()'><b>oneWayFromTextField</b><br>Test class: Bus.Bus_Oneway_Place_Test<br>Parameters: [Ljava.lang.String;@1eb2d371<br/>
<a href="#Output-1518529528" onClick='toggleBox("Output-1518529528", this, "Show output", "Hide output");'>Show output</a>

<a href="#Output-1518529528" onClick="toggleAllBoxes();">Show all outputs</a>
<div class='log' id="Output-1518529528">
Data Entered Successfully in fromTextField in homePage<br/>
Data Entered Successfully in toTextField in homePage<br/>
Landed Succesfully to the Bus Result Page of the application<br/>
Selected the boarding point<br/>
firstname entered correctly<br/>
Age entered correctly<br/>
phoneNumber entered correctly<br/>
Email entered correctly<br/>
Clicked on Proceed button<br/>
clicked on confirm button<br/>
</div>
</td>
<td><div><pre>org.openqa.selenium.StaleElementReferenceException: stale element reference: element is not attached to the page document
  (Session info: chrome=109.0.5414.75)
For documentation on this error, please visit: https://www.seleniumhq.org/exceptions/stale_element_reference.html
Build info: version: &apos;3.141.59&apos;, revision: &apos;e82be7d358&apos;, time: &apos;2018-11-14T08:17:03&apos;
System info: host: &apos;LAPTOP-EPMHA2ST&apos;, ip: &apos;192.168.1.6&apos;, os.name: &apos;Windows 10&apos;, os.arch: &apos;amd64&apos;, os.version: &apos;10.0&apos;, java.version: &apos;1.8.0_202&apos;
Driver info: org.openqa.selenium.chrome.ChromeDriver
Capabilities {acceptInsecureCerts: false, browserName: chrome, browserVersion: 109.0.5414.75, chrome: {chromedriverVersion: 109.0.5414.74 (e7c5703604da..., userDataDir: C:\Users\navee\AppData\Loca...}, goog:chromeOptions: {debuggerAddress: localhost:59168}, javascriptEnabled: true, networkConnectionEnabled: false, pageLoadStrategy: normal, platform: WINDOWS, platformName: WINDOWS, proxy: Proxy(), setWindowRect: true, strictFileInteractability: false, timeouts: {implicit: 0, pageLoad: 300000, script: 30000}, unhandledPromptBehavior: dismiss and notify, webauthn:extension:credBlob: true, webauthn:extension:largeBlob: true, webauthn:virtualAuthenticators: true}
Session ID: 241b9b397f6fa180d887af2578f3b929
	at org.openqa.selenium.remote.http.W3CHttpResponseCodec.createException(W3CHttpResponseCodec.java:187)
	at org.openqa.selenium.remote.http.W3CHttpResponseCodec.decode(W3CHttpResponseCodec.java:122)
	at org.openqa.selenium.remote.http.W3CHttpResponseCodec.decode(W3CHttpResponseCodec.java:49)
	at org.openqa.selenium.remote.HttpCommandExecutor.execute(HttpCommandExecutor.java:158)
	at org.openqa.selenium.remote.service.DriverCommandExecutor.execute(DriverCommandExecutor.java:83)
	at org.openqa.selenium.remote.RemoteWebDriver.execute(RemoteWebDriver.java:552)
	at org.openqa.selenium.remote.RemoteWebElement.execute(RemoteWebElement.java:285)
	at org.openqa.selenium.remote.RemoteWebElement.click(RemoteWebElement.java:84)
	at org.openqa.selenium.support.pagefactory.internal.LocatingElementHandler.invoke(LocatingElementHandler.java:51)
	at com.sun.proxy.$Proxy10.click(Unknown Source)
	at Bus.Bus_Oneway_Place_Test.oneWayFromTextField(Bus_Oneway_Place_Test.java:182)
	at java.util.ArrayList.forEach(ArrayList.java:1257)
... Removed 38 stack frames</pre></div><a href='#' onClick='toggleBox("stack-trace1518529528", this, "Click to show all stack frames", "Click to hide stack frames")'>Click to show all stack frames</a>
<div class='stack-trace' id='stack-trace1518529528'><pre>org.openqa.selenium.StaleElementReferenceException: stale element reference: element is not attached to the page document
  (Session info: chrome=109.0.5414.75)
For documentation on this error, please visit: https://www.seleniumhq.org/exceptions/stale_element_reference.html
Build info: version: &apos;3.141.59&apos;, revision: &apos;e82be7d358&apos;, time: &apos;2018-11-14T08:17:03&apos;
System info: host: &apos;LAPTOP-EPMHA2ST&apos;, ip: &apos;192.168.1.6&apos;, os.name: &apos;Windows 10&apos;, os.arch: &apos;amd64&apos;, os.version: &apos;10.0&apos;, java.version: &apos;1.8.0_202&apos;
Driver info: org.openqa.selenium.chrome.ChromeDriver
Capabilities {acceptInsecureCerts: false, browserName: chrome, browserVersion: 109.0.5414.75, chrome: {chromedriverVersion: 109.0.5414.74 (e7c5703604da..., userDataDir: C:\Users\navee\AppData\Loca...}, goog:chromeOptions: {debuggerAddress: localhost:59168}, javascriptEnabled: true, networkConnectionEnabled: false, pageLoadStrategy: normal, platform: WINDOWS, platformName: WINDOWS, proxy: Proxy(), setWindowRect: true, strictFileInteractability: false, timeouts: {implicit: 0, pageLoad: 300000, script: 30000}, unhandledPromptBehavior: dismiss and notify, webauthn:extension:credBlob: true, webauthn:extension:largeBlob: true, webauthn:virtualAuthenticators: true}
Session ID: 241b9b397f6fa180d887af2578f3b929
	at sun.reflect.NativeConstructorAccessorImpl.newInstance0(Native Method)
	at sun.reflect.NativeConstructorAccessorImpl.newInstance(NativeConstructorAccessorImpl.java:62)
	at sun.reflect.DelegatingConstructorAccessorImpl.newInstance(DelegatingConstructorAccessorImpl.java:45)
	at java.lang.reflect.Constructor.newInstance(Constructor.java:423)
	at org.openqa.selenium.remote.http.W3CHttpResponseCodec.createException(W3CHttpResponseCodec.java:187)
	at org.openqa.selenium.remote.http.W3CHttpResponseCodec.decode(W3CHttpResponseCodec.java:122)
	at org.openqa.selenium.remote.http.W3CHttpResponseCodec.decode(W3CHttpResponseCodec.java:49)
	at org.openqa.selenium.remote.HttpCommandExecutor.execute(HttpCommandExecutor.java:158)
	at org.openqa.selenium.remote.service.DriverCommandExecutor.execute(DriverCommandExecutor.java:83)
	at org.openqa.selenium.remote.RemoteWebDriver.execute(RemoteWebDriver.java:552)
	at org.openqa.selenium.remote.RemoteWebElement.execute(RemoteWebElement.java:285)
	at org.openqa.selenium.remote.RemoteWebElement.click(RemoteWebElement.java:84)
	at sun.reflect.GeneratedMethodAccessor1.invoke(Unknown Source)
	at sun.reflect.DelegatingMethodAccessorImpl.invoke(DelegatingMethodAccessorImpl.java:43)
	at java.lang.reflect.Method.invoke(Method.java:498)
	at org.openqa.selenium.support.pagefactory.internal.LocatingElementHandler.invoke(LocatingElementHandler.java:51)
	at com.sun.proxy.$Proxy10.click(Unknown Source)
	at Bus.Bus_Oneway_Place_Test.oneWayFromTextField(Bus_Oneway_Place_Test.java:182)
	at sun.reflect.NativeMethodAccessorImpl.invoke0(Native Method)
	at sun.reflect.NativeMethodAccessorImpl.invoke(NativeMethodAccessorImpl.java:62)
	at sun.reflect.DelegatingMethodAccessorImpl.invoke(DelegatingMethodAccessorImpl.java:43)
	at java.lang.reflect.Method.invoke(Method.java:498)
	at org.testng.internal.MethodInvocationHelper.invokeMethod(MethodInvocationHelper.java:132)
	at org.testng.internal.TestInvoker.invokeMethod(TestInvoker.java:599)
	at org.testng.internal.TestInvoker.invokeTestMethod(TestInvoker.java:174)
	at org.testng.internal.MethodRunner.runInSequence(MethodRunner.java:46)
	at org.testng.internal.TestInvoker$MethodInvocationAgent.invoke(TestInvoker.java:822)
	at org.testng.internal.TestInvoker.invokeTestMethods(TestInvoker.java:147)
	at org.testng.internal.TestMethodWorker.invokeTestMethods(TestMethodWorker.java:146)
	at org.testng.internal.TestMethodWorker.run(TestMethodWorker.java:128)
	at java.util.ArrayList.forEach(ArrayList.java:1257)
	at org.testng.TestRunner.privateRun(TestRunner.java:764)
	at org.testng.TestRunner.run(TestRunner.java:585)
	at org.testng.SuiteRunner.runTest(SuiteRunner.java:384)
	at org.testng.SuiteRunner.runSequentially(SuiteRunner.java:378)
	at org.testng.SuiteRunner.privateRun(SuiteRunner.java:337)
	at org.testng.SuiteRunner.run(SuiteRunner.java:286)
	at org.testng.SuiteRunnerWorker.runSuite(SuiteRunnerWorker.java:53)
	at org.testng.SuiteRunnerWorker.run(SuiteRunnerWorker.java:96)
	at org.testng.TestNG.runSuitesSequentially(TestNG.java:1218)
	at org.testng.TestNG.runSuitesLocally(TestNG.java:1140)
	at org.testng.TestNG.runSuites(TestNG.java:1069)
	at org.testng.TestNG.run(TestNG.java:1037)
	at org.apache.maven.surefire.testng.TestNGExecutor.run(TestNGExecutor.java:324)
	at org.apache.maven.surefire.testng.TestNGXmlTestSuite.execute(TestNGXmlTestSuite.java:74)
	at org.apache.maven.surefire.testng.TestNGProvider.invoke(TestNGProvider.java:123)
	at org.apache.maven.surefire.booter.ForkedBooter.runSuitesInProcess(ForkedBooter.java:456)
	at org.apache.maven.surefire.booter.ForkedBooter.execute(ForkedBooter.java:169)
	at org.apache.maven.surefire.booter.ForkedBooter.run(ForkedBooter.java:595)
	at org.apache.maven.surefire.booter.ForkedBooter.main(ForkedBooter.java:581)
</pre></div></td>
<td>17</td>
<td>Bus.Bus_Oneway_Place_Test@6321e813</td></tr>
</table><p>
<table width='100%' border='1' class='invocation-passed'>
<tr><td colspan='4' align='center'><b>PASSED TESTS</b></td></tr>
<tr><td><b>Test method</b></td>
<td width="30%"><b>Exception</b></td>
<td width="10%"><b>Time (seconds)</b></td>
<td><b>Instance</b></td>
</tr>
<tr>
<td title='Bus.Bus_Oneway_Place_Test.oneWayFromTextField()'><b>oneWayFromTextField</b><br>Test class: Bus.Bus_Oneway_Place_Test<br>Parameters: [Ljava.lang.String;@6f330eb9<br/>
<a href="#Output-1045567253" onClick='toggleBox("Output-1045567253", this, "Show output", "Hide output");'>Show output</a>

<a href="#Output-1045567253" onClick="toggleAllBoxes();">Show all outputs</a>
<div class='log' id="Output-1045567253">
Data Entered Successfully in fromTextField in homePage<br/>
Data Entered Successfully in toTextField in homePage<br/>
Landed Succesfully to the Bus Result Page of the application<br/>
Selected the boarding point<br/>
firstname entered correctly<br/>
Age entered correctly<br/>
phoneNumber entered correctly<br/>
Email entered correctly<br/>
Clicked on Proceed button<br/>
clicked on confirm button<br/>
clicked on pay now button<br/>
</div>
</td>
<td></td>
<td>35</td>
<td>Bus.Bus_Oneway_Place_Test@6321e813</td></tr>
<tr>
<td title='Bus.Bus_Oneway_Place_Test.oneWayFromTextField()'><b>oneWayFromTextField</b><br>Test class: Bus.Bus_Oneway_Place_Test<br>Parameters: [Ljava.lang.String;@35a0e495<br/>
<a href="#Output-997219303" onClick='toggleBox("Output-997219303", this, "Show output", "Hide output");'>Show output</a>

<a href="#Output-997219303" onClick="toggleAllBoxes();">Show all outputs</a>
<div class='log' id="Output-997219303">
Data Entered Successfully in fromTextField in homePage<br/>
Data Entered Successfully in toTextField in homePage<br/>
Landed Succesfully to the Bus Result Page of the application<br/>
Selected the boarding point<br/>
firstname entered correctly<br/>
Age entered correctly<br/>
phoneNumber entered correctly<br/>
Email entered correctly<br/>
Clicked on Proceed button<br/>
clicked on confirm button<br/>
clicked on pay now button<br/>
</div>
</td>
<td></td>
<td>29</td>
<td>Bus.Bus_Oneway_Place_Test@6321e813</td></tr>
<tr>
<td title='Bus.Bus_Oneway_Place_Test.oneWayFromTextField()'><b>oneWayFromTextField</b><br>Test class: Bus.Bus_Oneway_Place_Test<br>Parameters: [Ljava.lang.String;@4041739c<br/>
<a href="#Output-944757319" onClick='toggleBox("Output-944757319", this, "Show output", "Hide output");'>Show output</a>

<a href="#Output-944757319" onClick="toggleAllBoxes();">Show all outputs</a>
<div class='log' id="Output-944757319">
Data Entered Successfully in fromTextField in homePage<br/>
Data Entered Successfully in toTextField in homePage<br/>
Landed Succesfully to the Bus Result Page of the application<br/>
Selected the boarding point<br/>
firstname entered correctly<br/>
Age entered correctly<br/>
phoneNumber entered correctly<br/>
Email entered correctly<br/>
Clicked on Proceed button<br/>
clicked on confirm button<br/>
clicked on pay now button<br/>
</div>
</td>
<td></td>
<td>28</td>
<td>Bus.Bus_Oneway_Place_Test@6321e813</td></tr>
<tr>
<td title='Bus.Bus_Oneway_Place_Test.oneWayFromTextField()'><b>oneWayFromTextField</b><br>Test class: Bus.Bus_Oneway_Place_Test<br>Parameters: [Ljava.lang.String;@7994a0d1<br/>
<a href="#Output-873134840" onClick='toggleBox("Output-873134840", this, "Show output", "Hide output");'>Show output</a>

<a href="#Output-873134840" onClick="toggleAllBoxes();">Show all outputs</a>
<div class='log' id="Output-873134840">
Data Entered Successfully in fromTextField in homePage<br/>
Data Entered Successfully in toTextField in homePage<br/>
Landed Succesfully to the Bus Result Page of the application<br/>
Selected the boarding point<br/>
firstname entered correctly<br/>
Age entered correctly<br/>
phoneNumber entered correctly<br/>
Email entered correctly<br/>
Clicked on Proceed button<br/>
clicked on confirm button<br/>
clicked on pay now button<br/>
</div>
</td>
<td></td>
<td>26</td>
<td>Bus.Bus_Oneway_Place_Test@6321e813</td></tr>
</table><p>
</body>
</html>