<?xml version="1.0" encoding="UTF-8"?>
<testng-results skipped="0" failed="2" ignored="0" total="5" passed="3">
  <reporter-output>
    <line>
      <![CDATA[Empty Chrome Browser is launched Successfully]]>
    </line>
    <line>
      <![CDATA[Browser Window is maximized]]>
    </line>
    <line>
      <![CDATA[Landed Succesfully to the Home Page of the application]]>
    </line>
    <line>
      <![CDATA[Data Entered Successfully in fromTextField in homePage]]>
    </line>
    <line>
      <![CDATA[Data Entered Successfully in toTextField in homePage]]>
    </line>
    <line>
      <![CDATA[Landed Succesfully to the Bus Result Page of the application]]>
    </line>
    <line>
      <![CDATA[Selected the boarding point]]>
    </line>
    <line>
      <![CDATA[firstname entered correctly]]>
    </line>
    <line>
      <![CDATA[Age entered correctly]]>
    </line>
    <line>
      <![CDATA[phoneNumber entered correctly]]>
    </line>
    <line>
      <![CDATA[Email entered correctly]]>
    </line>
    <line>
      <![CDATA[Clicked on Proceed button]]>
    </line>
    <line>
      <![CDATA[clicked on confirm button]]>
    </line>
    <line>
      <![CDATA[Empty Chrome Browser is launched Successfully]]>
    </line>
    <line>
      <![CDATA[Browser Window is maximized]]>
    </line>
    <line>
      <![CDATA[Landed Succesfully to the Home Page of the application]]>
    </line>
    <line>
      <![CDATA[Data Entered Successfully in fromTextField in homePage]]>
    </line>
    <line>
      <![CDATA[Data Entered Successfully in toTextField in homePage]]>
    </line>
    <line>
      <![CDATA[Landed Succesfully to the Bus Result Page of the application]]>
    </line>
    <line>
      <![CDATA[Selected the boarding point]]>
    </line>
    <line>
      <![CDATA[firstname entered correctly]]>
    </line>
    <line>
      <![CDATA[Age entered correctly]]>
    </line>
    <line>
      <![CDATA[phoneNumber entered correctly]]>
    </line>
    <line>
      <![CDATA[Email entered correctly]]>
    </line>
    <line>
      <![CDATA[Clicked on Proceed button]]>
    </line>
    <line>
      <![CDATA[clicked on confirm button]]>
    </line>
    <line>
      <![CDATA[clicked on pay now button]]>
    </line>
    <line>
      <![CDATA[Empty Chrome Browser is launched Successfully]]>
    </line>
    <line>
      <![CDATA[Browser Window is maximized]]>
    </line>
    <line>
      <![CDATA[Landed Succesfully to the Home Page of the application]]>
    </line>
    <line>
      <![CDATA[Data Entered Successfully in fromTextField in homePage]]>
    </line>
    <line>
      <![CDATA[Data Entered Successfully in toTextField in homePage]]>
    </line>
    <line>
      <![CDATA[Empty Chrome Browser is launched Successfully]]>
    </line>
    <line>
      <![CDATA[Browser Window is maximized]]>
    </line>
    <line>
      <![CDATA[Landed Succesfully to the Home Page of the application]]>
    </line>
    <line>
      <![CDATA[Data Entered Successfully in fromTextField in homePage]]>
    </line>
    <line>
      <![CDATA[Data Entered Successfully in toTextField in homePage]]>
    </line>
    <line>
      <![CDATA[Landed Succesfully to the Bus Result Page of the application]]>
    </line>
    <line>
      <![CDATA[Selected the boarding point]]>
    </line>
    <line>
      <![CDATA[firstname entered correctly]]>
    </line>
    <line>
      <![CDATA[Age entered correctly]]>
    </line>
    <line>
      <![CDATA[phoneNumber entered correctly]]>
    </line>
    <line>
      <![CDATA[Email entered correctly]]>
    </line>
    <line>
      <![CDATA[Clicked on Proceed button]]>
    </line>
    <line>
      <![CDATA[clicked on confirm button]]>
    </line>
    <line>
      <![CDATA[clicked on pay now button]]>
    </line>
    <line>
      <![CDATA[Empty Chrome Browser is launched Successfully]]>
    </line>
    <line>
      <![CDATA[Browser Window is maximized]]>
    </line>
    <line>
      <![CDATA[Landed Succesfully to the Home Page of the application]]>
    </line>
    <line>
      <![CDATA[Data Entered Successfully in fromTextField in homePage]]>
    </line>
    <line>
      <![CDATA[Data Entered Successfully in toTextField in homePage]]>
    </line>
    <line>
      <![CDATA[Landed Succesfully to the Bus Result Page of the application]]>
    </line>
    <line>
      <![CDATA[Selected the boarding point]]>
    </line>
    <line>
      <![CDATA[firstname entered correctly]]>
    </line>
    <line>
      <![CDATA[Age entered correctly]]>
    </line>
    <line>
      <![CDATA[phoneNumber entered correctly]]>
    </line>
    <line>
      <![CDATA[Email entered correctly]]>
    </line>
    <line>
      <![CDATA[Clicked on Proceed button]]>
    </line>
    <line>
      <![CDATA[clicked on confirm button]]>
    </line>
    <line>
      <![CDATA[clicked on pay now button]]>
    </line>
  </reporter-output>
  <suite name="Suite" duration-ms="299321" started-at="2023-01-23T18:08:08 IST" finished-at="2023-01-23T18:13:07 IST">
    <groups>
    </groups>
    <test name="Test" duration-ms="299321" started-at="2023-01-23T18:08:08 IST" finished-at="2023-01-23T18:13:07 IST">
      <class name="Bus.SystemTest">
        <test-method status="PASS" signature="browserSetUp(java.lang.String)[pri:0, instance:Bus.SystemTest@4d50efb8]" name="browserSetUp" is-config="true" duration-ms="11812" started-at="2023-01-23T18:08:10 IST" finished-at="2023-01-23T18:08:21 IST">
          <params>
            <param index="0">
              <value>
                <![CDATA[chrome]]>
              </value>
            </param>
          </params>
          <reporter-output>
            <line>
              <![CDATA[Empty Chrome Browser is launched Successfully]]>
            </line>
            <line>
              <![CDATA[Browser Window is maximized]]>
            </line>
            <line>
              <![CDATA[Landed Succesfully to the Home Page of the application]]>
            </line>
          </reporter-output>
        </test-method> <!-- browserSetUp -->
        <test-method status="FAIL" signature="oneWayFromTextField([Ljava.lang.String;)[pri:1, instance:Bus.SystemTest@4d50efb8]" name="oneWayFromTextField" duration-ms="36516" started-at="2023-01-23T18:08:21 IST" data-provider="data" finished-at="2023-01-23T18:08:58 IST">
          <params>
            <param index="0">
              <value>
                <![CDATA[[Ljava.lang.String;@5b0902b4]]>
              </value>
            </param>
          </params>
          <exception class="org.openqa.selenium.StaleElementReferenceException">
            <message>
              <![CDATA[stale element reference: element is not attached to the page document
  (Session info: chrome=109.0.5414.75)
For documentation on this error, please visit: https://www.seleniumhq.org/exceptions/stale_element_reference.html
Build info: version: '3.141.59', revision: 'e82be7d358', time: '2018-11-14T08:17:03'
System info: host: 'LAPTOP-EPMHA2ST', ip: '10.10.60.193', os.name: 'Windows 10', os.arch: 'amd64', os.version: '10.0', java.version: '1.8.0_202'
Driver info: org.openqa.selenium.chrome.ChromeDriver
Capabilities {acceptInsecureCerts: false, browserName: chrome, browserVersion: 109.0.5414.75, chrome: {chromedriverVersion: 109.0.5414.74 (e7c5703604da..., userDataDir: C:\Users\navee\AppData\Loca...}, goog:chromeOptions: {debuggerAddress: localhost:57004}, javascriptEnabled: true, networkConnectionEnabled: false, pageLoadStrategy: normal, platform: WINDOWS, platformName: WINDOWS, proxy: Proxy(), setWindowRect: true, strictFileInteractability: false, timeouts: {implicit: 0, pageLoad: 300000, script: 30000}, unhandledPromptBehavior: dismiss and notify, webauthn:extension:credBlob: true, webauthn:extension:largeBlob: true, webauthn:virtualAuthenticators: true}
Session ID: 8bed6ae40de15bb4e02f511001cb5d50]]>
            </message>
            <full-stacktrace>
              <![CDATA[org.openqa.selenium.StaleElementReferenceException: stale element reference: element is not attached to the page document
  (Session info: chrome=109.0.5414.75)
For documentation on this error, please visit: https://www.seleniumhq.org/exceptions/stale_element_reference.html
Build info: version: '3.141.59', revision: 'e82be7d358', time: '2018-11-14T08:17:03'
System info: host: 'LAPTOP-EPMHA2ST', ip: '10.10.60.193', os.name: 'Windows 10', os.arch: 'amd64', os.version: '10.0', java.version: '1.8.0_202'
Driver info: org.openqa.selenium.chrome.ChromeDriver
Capabilities {acceptInsecureCerts: false, browserName: chrome, browserVersion: 109.0.5414.75, chrome: {chromedriverVersion: 109.0.5414.74 (e7c5703604da..., userDataDir: C:\Users\navee\AppData\Loca...}, goog:chromeOptions: {debuggerAddress: localhost:57004}, javascriptEnabled: true, networkConnectionEnabled: false, pageLoadStrategy: normal, platform: WINDOWS, platformName: WINDOWS, proxy: Proxy(), setWindowRect: true, strictFileInteractability: false, timeouts: {implicit: 0, pageLoad: 300000, script: 30000}, unhandledPromptBehavior: dismiss and notify, webauthn:extension:credBlob: true, webauthn:extension:largeBlob: true, webauthn:virtualAuthenticators: true}
Session ID: 8bed6ae40de15bb4e02f511001cb5d50
at sun.reflect.NativeConstructorAccessorImpl.newInstance0(Native Method)
at sun.reflect.NativeConstructorAccessorImpl.newInstance(NativeConstructorAccessorImpl.java:62)
at sun.reflect.DelegatingConstructorAccessorImpl.newInstance(DelegatingConstructorAccessorImpl.java:45)
at java.lang.reflect.Constructor.newInstance(Constructor.java:423)
at org.openqa.selenium.remote.http.W3CHttpResponseCodec.createException(W3CHttpResponseCodec.java:187)
at org.openqa.selenium.remote.http.W3CHttpResponseCodec.decode(W3CHttpResponseCodec.java:122)
at org.openqa.selenium.remote.http.W3CHttpResponseCodec.decode(W3CHttpResponseCodec.java:49)
at org.openqa.selenium.remote.HttpCommandExecutor.execute(HttpCommandExecutor.java:158)
at org.openqa.selenium.remote.service.DriverCommandExecutor.execute(DriverCommandExecutor.java:83)
at org.openqa.selenium.remote.RemoteWebDriver.execute(RemoteWebDriver.java:552)
at org.openqa.selenium.remote.RemoteWebElement.execute(RemoteWebElement.java:285)
at org.openqa.selenium.remote.RemoteWebElement.click(RemoteWebElement.java:84)
at sun.reflect.NativeMethodAccessorImpl.invoke0(Native Method)
at sun.reflect.NativeMethodAccessorImpl.invoke(NativeMethodAccessorImpl.java:62)
at sun.reflect.DelegatingMethodAccessorImpl.invoke(DelegatingMethodAccessorImpl.java:43)
at java.lang.reflect.Method.invoke(Method.java:498)
at org.openqa.selenium.support.pagefactory.internal.LocatingElementHandler.invoke(LocatingElementHandler.java:51)
at com.sun.proxy.$Proxy12.click(Unknown Source)
at Bus.SystemTest.oneWayFromTextField(SystemTest.java:177)
at sun.reflect.NativeMethodAccessorImpl.invoke0(Native Method)
at sun.reflect.NativeMethodAccessorImpl.invoke(NativeMethodAccessorImpl.java:62)
at sun.reflect.DelegatingMethodAccessorImpl.invoke(DelegatingMethodAccessorImpl.java:43)
at java.lang.reflect.Method.invoke(Method.java:498)
at org.testng.internal.MethodInvocationHelper.invokeMethod(MethodInvocationHelper.java:132)
at org.testng.internal.TestInvoker.invokeMethod(TestInvoker.java:599)
at org.testng.internal.TestInvoker.invokeTestMethod(TestInvoker.java:174)
at org.testng.internal.MethodRunner.runInSequence(MethodRunner.java:46)
at org.testng.internal.TestInvoker$MethodInvocationAgent.invoke(TestInvoker.java:822)
at org.testng.internal.TestInvoker.invokeTestMethods(TestInvoker.java:147)
at org.testng.internal.TestMethodWorker.invokeTestMethods(TestMethodWorker.java:146)
at org.testng.internal.TestMethodWorker.run(TestMethodWorker.java:128)
at java.util.ArrayList.forEach(ArrayList.java:1257)
at org.testng.TestRunner.privateRun(TestRunner.java:764)
at org.testng.TestRunner.run(TestRunner.java:585)
at org.testng.SuiteRunner.runTest(SuiteRunner.java:384)
at org.testng.SuiteRunner.runSequentially(SuiteRunner.java:378)
at org.testng.SuiteRunner.privateRun(SuiteRunner.java:337)
at org.testng.SuiteRunner.run(SuiteRunner.java:286)
at org.testng.SuiteRunnerWorker.runSuite(SuiteRunnerWorker.java:53)
at org.testng.SuiteRunnerWorker.run(SuiteRunnerWorker.java:96)
at org.testng.TestNG.runSuitesSequentially(TestNG.java:1218)
at org.testng.TestNG.runSuitesLocally(TestNG.java:1140)
at org.testng.TestNG.runSuites(TestNG.java:1069)
at org.testng.TestNG.run(TestNG.java:1037)
at org.testng.remote.AbstractRemoteTestNG.run(AbstractRemoteTestNG.java:115)
at org.testng.remote.RemoteTestNG.initAndRun(RemoteTestNG.java:251)
at org.testng.remote.RemoteTestNG.main(RemoteTestNG.java:77)
]]>
            </full-stacktrace>
          </exception> <!-- org.openqa.selenium.StaleElementReferenceException -->
          <reporter-output>
            <line>
              <![CDATA[Data Entered Successfully in fromTextField in homePage]]>
            </line>
            <line>
              <![CDATA[Data Entered Successfully in toTextField in homePage]]>
            </line>
            <line>
              <![CDATA[Landed Succesfully to the Bus Result Page of the application]]>
            </line>
            <line>
              <![CDATA[Selected the boarding point]]>
            </line>
            <line>
              <![CDATA[firstname entered correctly]]>
            </line>
            <line>
              <![CDATA[Age entered correctly]]>
            </line>
            <line>
              <![CDATA[phoneNumber entered correctly]]>
            </line>
            <line>
              <![CDATA[Email entered correctly]]>
            </line>
            <line>
              <![CDATA[Clicked on Proceed button]]>
            </line>
            <line>
              <![CDATA[clicked on confirm button]]>
            </line>
          </reporter-output>
        </test-method> <!-- oneWayFromTextField -->
        <test-method status="PASS" signature="browserTermination()[pri:0, instance:Bus.SystemTest@4d50efb8]" name="browserTermination" is-config="true" duration-ms="1118" started-at="2023-01-23T18:08:58 IST" finished-at="2023-01-23T18:08:59 IST">
          <reporter-output>
          </reporter-output>
        </test-method> <!-- browserTermination -->
        <test-method status="PASS" signature="browserSetUp(java.lang.String)[pri:0, instance:Bus.SystemTest@4d50efb8]" name="browserSetUp" is-config="true" duration-ms="18861" started-at="2023-01-23T18:08:59 IST" finished-at="2023-01-23T18:09:18 IST">
          <params>
            <param index="0">
              <value>
                <![CDATA[chrome]]>
              </value>
            </param>
          </params>
          <reporter-output>
            <line>
              <![CDATA[Empty Chrome Browser is launched Successfully]]>
            </line>
            <line>
              <![CDATA[Browser Window is maximized]]>
            </line>
            <line>
              <![CDATA[Landed Succesfully to the Home Page of the application]]>
            </line>
          </reporter-output>
        </test-method> <!-- browserSetUp -->
        <test-method status="PASS" signature="oneWayFromTextField([Ljava.lang.String;)[pri:1, instance:Bus.SystemTest@4d50efb8]" name="oneWayFromTextField" duration-ms="56050" started-at="2023-01-23T18:09:18 IST" data-provider="data" finished-at="2023-01-23T18:10:14 IST">
          <params>
            <param index="0">
              <value>
                <![CDATA[[Ljava.lang.String;@103c97ff]]>
              </value>
            </param>
          </params>
          <reporter-output>
            <line>
              <![CDATA[Data Entered Successfully in fromTextField in homePage]]>
            </line>
            <line>
              <![CDATA[Data Entered Successfully in toTextField in homePage]]>
            </line>
            <line>
              <![CDATA[Landed Succesfully to the Bus Result Page of the application]]>
            </line>
            <line>
              <![CDATA[Selected the boarding point]]>
            </line>
            <line>
              <![CDATA[firstname entered correctly]]>
            </line>
            <line>
              <![CDATA[Age entered correctly]]>
            </line>
            <line>
              <![CDATA[phoneNumber entered correctly]]>
            </line>
            <line>
              <![CDATA[Email entered correctly]]>
            </line>
            <line>
              <![CDATA[Clicked on Proceed button]]>
            </line>
            <line>
              <![CDATA[clicked on confirm button]]>
            </line>
            <line>
              <![CDATA[clicked on pay now button]]>
            </line>
          </reporter-output>
        </test-method> <!-- oneWayFromTextField -->
        <test-method status="PASS" signature="browserTermination()[pri:0, instance:Bus.SystemTest@4d50efb8]" name="browserTermination" is-config="true" duration-ms="1281" started-at="2023-01-23T18:10:14 IST" finished-at="2023-01-23T18:10:15 IST">
          <reporter-output>
          </reporter-output>
        </test-method> <!-- browserTermination -->
        <test-method status="PASS" signature="browserSetUp(java.lang.String)[pri:0, instance:Bus.SystemTest@4d50efb8]" name="browserSetUp" is-config="true" duration-ms="19166" started-at="2023-01-23T18:10:15 IST" finished-at="2023-01-23T18:10:34 IST">
          <params>
            <param index="0">
              <value>
                <![CDATA[chrome]]>
              </value>
            </param>
          </params>
          <reporter-output>
            <line>
              <![CDATA[Empty Chrome Browser is launched Successfully]]>
            </line>
            <line>
              <![CDATA[Browser Window is maximized]]>
            </line>
            <line>
              <![CDATA[Landed Succesfully to the Home Page of the application]]>
            </line>
          </reporter-output>
        </test-method> <!-- browserSetUp -->
        <test-method status="FAIL" signature="oneWayFromTextField([Ljava.lang.String;)[pri:1, instance:Bus.SystemTest@4d50efb8]" name="oneWayFromTextField" duration-ms="65385" started-at="2023-01-23T18:10:34 IST" data-provider="data" finished-at="2023-01-23T18:11:40 IST">
          <params>
            <param index="0">
              <value>
                <![CDATA[[Ljava.lang.String;@333398f]]>
              </value>
            </param>
          </params>
          <exception class="org.openqa.selenium.TimeoutException">
            <message>
              <![CDATA[Expected condition failed: waiting for visibility of Proxy element for: DefaultElementLocator 'By.linkText: Next Day' (tried for 5 second(s) with 500 milliseconds interval)]]>
            </message>
            <full-stacktrace>
              <![CDATA[org.openqa.selenium.TimeoutException: Expected condition failed: waiting for visibility of Proxy element for: DefaultElementLocator 'By.linkText: Next Day' (tried for 5 second(s) with 500 milliseconds interval)
at org.openqa.selenium.support.ui.WebDriverWait.timeoutException(WebDriverWait.java:95)
at org.openqa.selenium.support.ui.FluentWait.until(FluentWait.java:272)
at Bus.SystemTest.oneWayFromTextField(SystemTest.java:96)
at sun.reflect.NativeMethodAccessorImpl.invoke0(Native Method)
at sun.reflect.NativeMethodAccessorImpl.invoke(NativeMethodAccessorImpl.java:62)
at sun.reflect.DelegatingMethodAccessorImpl.invoke(DelegatingMethodAccessorImpl.java:43)
at java.lang.reflect.Method.invoke(Method.java:498)
at org.testng.internal.MethodInvocationHelper.invokeMethod(MethodInvocationHelper.java:132)
at org.testng.internal.TestInvoker.invokeMethod(TestInvoker.java:599)
at org.testng.internal.TestInvoker.invokeTestMethod(TestInvoker.java:174)
at org.testng.internal.MethodRunner.runInSequence(MethodRunner.java:46)
at org.testng.internal.TestInvoker$MethodInvocationAgent.invoke(TestInvoker.java:822)
at org.testng.internal.TestInvoker.invokeTestMethods(TestInvoker.java:147)
at org.testng.internal.TestMethodWorker.invokeTestMethods(TestMethodWorker.java:146)
at org.testng.internal.TestMethodWorker.run(TestMethodWorker.java:128)
at java.util.ArrayList.forEach(ArrayList.java:1257)
at org.testng.TestRunner.privateRun(TestRunner.java:764)
at org.testng.TestRunner.run(TestRunner.java:585)
at org.testng.SuiteRunner.runTest(SuiteRunner.java:384)
at org.testng.SuiteRunner.runSequentially(SuiteRunner.java:378)
at org.testng.SuiteRunner.privateRun(SuiteRunner.java:337)
at org.testng.SuiteRunner.run(SuiteRunner.java:286)
at org.testng.SuiteRunnerWorker.runSuite(SuiteRunnerWorker.java:53)
at org.testng.SuiteRunnerWorker.run(SuiteRunnerWorker.java:96)
at org.testng.TestNG.runSuitesSequentially(TestNG.java:1218)
at org.testng.TestNG.runSuitesLocally(TestNG.java:1140)
at org.testng.TestNG.runSuites(TestNG.java:1069)
at org.testng.TestNG.run(TestNG.java:1037)
at org.testng.remote.AbstractRemoteTestNG.run(AbstractRemoteTestNG.java:115)
at org.testng.remote.RemoteTestNG.initAndRun(RemoteTestNG.java:251)
at org.testng.remote.RemoteTestNG.main(RemoteTestNG.java:77)
Caused by: org.openqa.selenium.NoSuchElementException: no such element: Unable to locate element: {"method":"link text","selector":"Next Day"}
  (Session info: chrome=109.0.5414.75)
For documentation on this error, please visit: https://www.seleniumhq.org/exceptions/no_such_element.html
Build info: version: '3.141.59', revision: 'e82be7d358', time: '2018-11-14T08:17:03'
System info: host: 'LAPTOP-EPMHA2ST', ip: '10.10.60.193', os.name: 'Windows 10', os.arch: 'amd64', os.version: '10.0', java.version: '1.8.0_202'
Driver info: org.openqa.selenium.chrome.ChromeDriver
Capabilities {acceptInsecureCerts: false, browserName: chrome, browserVersion: 109.0.5414.75, chrome: {chromedriverVersion: 109.0.5414.74 (e7c5703604da..., userDataDir: C:\Users\navee\AppData\Loca...}, goog:chromeOptions: {debuggerAddress: localhost:57361}, javascriptEnabled: true, networkConnectionEnabled: false, pageLoadStrategy: normal, platform: WINDOWS, platformName: WINDOWS, proxy: Proxy(), setWindowRect: true, strictFileInteractability: false, timeouts: {implicit: 0, pageLoad: 300000, script: 30000}, unhandledPromptBehavior: dismiss and notify, webauthn:extension:credBlob: true, webauthn:extension:largeBlob: true, webauthn:virtualAuthenticators: true}
Session ID: ea2f6b07727548499c4150678a198344
*** Element info: {Using=link text, value=Next Day}
at sun.reflect.NativeConstructorAccessorImpl.newInstance0(Native Method)
at sun.reflect.NativeConstructorAccessorImpl.newInstance(NativeConstructorAccessorImpl.java:62)
at sun.reflect.DelegatingConstructorAccessorImpl.newInstance(DelegatingConstructorAccessorImpl.java:45)
at java.lang.reflect.Constructor.newInstance(Constructor.java:423)
at org.openqa.selenium.remote.http.W3CHttpResponseCodec.createException(W3CHttpResponseCodec.java:187)
at org.openqa.selenium.remote.http.W3CHttpResponseCodec.decode(W3CHttpResponseCodec.java:122)
at org.openqa.selenium.remote.http.W3CHttpResponseCodec.decode(W3CHttpResponseCodec.java:49)
at org.openqa.selenium.remote.HttpCommandExecutor.execute(HttpCommandExecutor.java:158)
at org.openqa.selenium.remote.service.DriverCommandExecutor.execute(DriverCommandExecutor.java:83)
at org.openqa.selenium.remote.RemoteWebDriver.execute(RemoteWebDriver.java:552)
at org.openqa.selenium.remote.RemoteWebDriver.findElement(RemoteWebDriver.java:323)
at org.openqa.selenium.remote.RemoteWebDriver.findElementByLinkText(RemoteWebDriver.java:380)
at org.openqa.selenium.By$ByLinkText.findElement(By.java:220)
at org.openqa.selenium.remote.RemoteWebDriver.findElement(RemoteWebDriver.java:315)
at org.openqa.selenium.support.pagefactory.DefaultElementLocator.findElement(DefaultElementLocator.java:69)
at org.openqa.selenium.support.pagefactory.internal.LocatingElementHandler.invoke(LocatingElementHandler.java:38)
at com.sun.proxy.$Proxy12.isDisplayed(Unknown Source)
at org.openqa.selenium.support.ui.ExpectedConditions.elementIfVisible(ExpectedConditions.java:314)
at org.openqa.selenium.support.ui.ExpectedConditions.access$000(ExpectedConditions.java:43)
at org.openqa.selenium.support.ui.ExpectedConditions$10.apply(ExpectedConditions.java:300)
at org.openqa.selenium.support.ui.ExpectedConditions$10.apply(ExpectedConditions.java:297)
at org.openqa.selenium.support.ui.FluentWait.until(FluentWait.java:249)
... 29 more
]]>
            </full-stacktrace>
          </exception> <!-- org.openqa.selenium.TimeoutException -->
          <reporter-output>
            <line>
              <![CDATA[Data Entered Successfully in fromTextField in homePage]]>
            </line>
            <line>
              <![CDATA[Data Entered Successfully in toTextField in homePage]]>
            </line>
          </reporter-output>
        </test-method> <!-- oneWayFromTextField -->
        <test-method status="PASS" signature="browserTermination()[pri:0, instance:Bus.SystemTest@4d50efb8]" name="browserTermination" is-config="true" duration-ms="1162" started-at="2023-01-23T18:11:40 IST" finished-at="2023-01-23T18:11:41 IST">
          <reporter-output>
          </reporter-output>
        </test-method> <!-- browserTermination -->
        <test-method status="PASS" signature="browserSetUp(java.lang.String)[pri:0, instance:Bus.SystemTest@4d50efb8]" name="browserSetUp" is-config="true" duration-ms="9738" started-at="2023-01-23T18:11:41 IST" finished-at="2023-01-23T18:11:51 IST">
          <params>
            <param index="0">
              <value>
                <![CDATA[chrome]]>
              </value>
            </param>
          </params>
          <reporter-output>
            <line>
              <![CDATA[Empty Chrome Browser is launched Successfully]]>
            </line>
            <line>
              <![CDATA[Browser Window is maximized]]>
            </line>
            <line>
              <![CDATA[Landed Succesfully to the Home Page of the application]]>
            </line>
          </reporter-output>
        </test-method> <!-- browserSetUp -->
        <test-method status="PASS" signature="oneWayFromTextField([Ljava.lang.String;)[pri:1, instance:Bus.SystemTest@4d50efb8]" name="oneWayFromTextField" duration-ms="32978" started-at="2023-01-23T18:11:51 IST" data-provider="data" finished-at="2023-01-23T18:12:24 IST">
          <params>
            <param index="0">
              <value>
                <![CDATA[[Ljava.lang.String;@7d25913]]>
              </value>
            </param>
          </params>
          <reporter-output>
            <line>
              <![CDATA[Data Entered Successfully in fromTextField in homePage]]>
            </line>
            <line>
              <![CDATA[Data Entered Successfully in toTextField in homePage]]>
            </line>
            <line>
              <![CDATA[Landed Succesfully to the Bus Result Page of the application]]>
            </line>
            <line>
              <![CDATA[Selected the boarding point]]>
            </line>
            <line>
              <![CDATA[firstname entered correctly]]>
            </line>
            <line>
              <![CDATA[Age entered correctly]]>
            </line>
            <line>
              <![CDATA[phoneNumber entered correctly]]>
            </line>
            <line>
              <![CDATA[Email entered correctly]]>
            </line>
            <line>
              <![CDATA[Clicked on Proceed button]]>
            </line>
            <line>
              <![CDATA[clicked on confirm button]]>
            </line>
            <line>
              <![CDATA[clicked on pay now button]]>
            </line>
          </reporter-output>
        </test-method> <!-- oneWayFromTextField -->
        <test-method status="PASS" signature="browserTermination()[pri:0, instance:Bus.SystemTest@4d50efb8]" name="browserTermination" is-config="true" duration-ms="1162" started-at="2023-01-23T18:12:24 IST" finished-at="2023-01-23T18:12:25 IST">
          <reporter-output>
          </reporter-output>
        </test-method> <!-- browserTermination -->
        <test-method status="PASS" signature="browserSetUp(java.lang.String)[pri:0, instance:Bus.SystemTest@4d50efb8]" name="browserSetUp" is-config="true" duration-ms="6767" started-at="2023-01-23T18:12:25 IST" finished-at="2023-01-23T18:12:32 IST">
          <params>
            <param index="0">
              <value>
                <![CDATA[chrome]]>
              </value>
            </param>
          </params>
          <reporter-output>
            <line>
              <![CDATA[Empty Chrome Browser is launched Successfully]]>
            </line>
            <line>
              <![CDATA[Browser Window is maximized]]>
            </line>
            <line>
              <![CDATA[Landed Succesfully to the Home Page of the application]]>
            </line>
          </reporter-output>
        </test-method> <!-- browserSetUp -->
        <test-method status="PASS" signature="oneWayFromTextField([Ljava.lang.String;)[pri:1, instance:Bus.SystemTest@4d50efb8]" name="oneWayFromTextField" duration-ms="34220" started-at="2023-01-23T18:12:32 IST" data-provider="data" finished-at="2023-01-23T18:13:06 IST">
          <params>
            <param index="0">
              <value>
                <![CDATA[[Ljava.lang.String;@c14e5a5]]>
              </value>
            </param>
          </params>
          <reporter-output>
            <line>
              <![CDATA[Data Entered Successfully in fromTextField in homePage]]>
            </line>
            <line>
              <![CDATA[Data Entered Successfully in toTextField in homePage]]>
            </line>
            <line>
              <![CDATA[Landed Succesfully to the Bus Result Page of the application]]>
            </line>
            <line>
              <![CDATA[Selected the boarding point]]>
            </line>
            <line>
              <![CDATA[firstname entered correctly]]>
            </line>
            <line>
              <![CDATA[Age entered correctly]]>
            </line>
            <line>
              <![CDATA[phoneNumber entered correctly]]>
            </line>
            <line>
              <![CDATA[Email entered correctly]]>
            </line>
            <line>
              <![CDATA[Clicked on Proceed button]]>
            </line>
            <line>
              <![CDATA[clicked on confirm button]]>
            </line>
            <line>
              <![CDATA[clicked on pay now button]]>
            </line>
          </reporter-output>
        </test-method> <!-- oneWayFromTextField -->
        <test-method status="PASS" signature="browserTermination()[pri:0, instance:Bus.SystemTest@4d50efb8]" name="browserTermination" is-config="true" duration-ms="1230" started-at="2023-01-23T18:13:06 IST" finished-at="2023-01-23T18:13:07 IST">
          <reporter-output>
          </reporter-output>
        </test-method> <!-- browserTermination -->
      </class> <!-- Bus.SystemTest -->
    </test> <!-- Test -->
  </suite> <!-- Suite -->
</testng-results>
